<?xml version="1.0" encoding="UTF-8"?>
<testsuite xmlns:xsi="http://www.w3.org/2001/XMLSchema-instance" xsi:noNamespaceSchemaLocation="https://maven.apache.org/surefire/maven-surefire-plugin/xsd/surefire-test-report-3.0.xsd" version="3.0" name="com.edusys.DAO.ThongKeDAOTest" time="2.245" tests="5" errors="0" skipped="0" failures="0">
  <properties>
    <property name="java.specification.version" value="17"/>
    <property name="sun.cpu.isalist" value="amd64"/>
    <property name="sun.jnu.encoding" value="Cp1252"/>
    <property name="java.class.path" value="C:\Users\thanh\Documents\NetBeansProjects\testProJect\target\test-classes;C:\Users\thanh\Documents\NetBeansProjects\testProJect\target\classes;C:\Users\thanh\.m2\repository\com\microsoft\sqlserver\mssql-jdbc\8.2.2.jre13\mssql-jdbc-8.2.2.jre13.jar;C:\Users\thanh\.m2\repository\com\toedter\jcalendar\1.2.2\jcalendar-1.2.2.jar;C:\Users\thanh\.m2\repository\org\junit\jupiter\junit-jupiter-api\5.6.0\junit-jupiter-api-5.6.0.jar;C:\Users\thanh\.m2\repository\org\apiguardian\apiguardian-api\1.1.0\apiguardian-api-1.1.0.jar;C:\Users\thanh\.m2\repository\org\opentest4j\opentest4j\1.2.0\opentest4j-1.2.0.jar;C:\Users\thanh\.m2\repository\org\junit\platform\junit-platform-commons\1.6.0\junit-platform-commons-1.6.0.jar;C:\Users\thanh\.m2\repository\org\junit\jupiter\junit-jupiter-params\5.6.0\junit-jupiter-params-5.6.0.jar;C:\Users\thanh\.m2\repository\org\junit\jupiter\junit-jupiter-engine\5.6.0\junit-jupiter-engine-5.6.0.jar;C:\Users\thanh\.m2\repository\org\junit\platform\junit-platform-engine\1.6.0\junit-platform-engine-1.6.0.jar;C:\Users\thanh\.m2\repository\junit\junit\4.13.2\junit-4.13.2.jar;C:\Users\thanh\.m2\repository\org\hamcrest\hamcrest-core\1.3\hamcrest-core-1.3.jar;C:\Users\thanh\.m2\repository\org\powermock\powermock-module-junit4\2.0.9\powermock-module-junit4-2.0.9.jar;C:\Users\thanh\.m2\repository\org\powermock\powermock-module-junit4-common\2.0.9\powermock-module-junit4-common-2.0.9.jar;C:\Users\thanh\.m2\repository\org\powermock\powermock-api-mockito2\2.0.9\powermock-api-mockito2-2.0.9.jar;C:\Users\thanh\.m2\repository\org\mockito\mockito-core\3.3.3\mockito-core-3.3.3.jar;C:\Users\thanh\.m2\repository\org\powermock\powermock-core\2.0.9\powermock-core-2.0.9.jar;C:\Users\thanh\.m2\repository\org\javassist\javassist\3.27.0-GA\javassist-3.27.0-GA.jar;C:\Users\thanh\.m2\repository\net\bytebuddy\byte-buddy\1.10.14\byte-buddy-1.10.14.jar;C:\Users\thanh\.m2\repository\net\bytebuddy\byte-buddy-agent\1.10.14\byte-buddy-agent-1.10.14.jar;C:\Users\thanh\.m2\repository\org\powermock\powermock-reflect\2.0.9\powermock-reflect-2.0.9.jar;C:\Users\thanh\.m2\repository\org\objenesis\objenesis\3.0.1\objenesis-3.0.1.jar;C:\Users\thanh\.m2\repository\org\powermock\powermock-api-support\2.0.9\powermock-api-support-2.0.9.jar;C:\Users\thanh\.m2\repository\com\mockrunner\mockrunner-jdbc\2.0.6\mockrunner-jdbc-2.0.6.jar;C:\Users\thanh\.m2\repository\commons-logging\commons-logging\1.0.4\commons-logging-1.0.4.jar;C:\Users\thanh\.m2\repository\com\mockrunner\mockrunner-core\2.0.6\mockrunner-core-2.0.6.jar;C:\Users\thanh\.m2\repository\jdom\jdom\1.0\jdom-1.0.jar;C:\Users\thanh\.m2\repository\oro\oro\2.0.8\oro-2.0.8.jar;C:\Users\thanh\.m2\repository\com\kirkk\jaranalyzer\1.2\jaranalyzer-1.2.jar;C:\Users\thanh\.m2\repository\bcel\bcel\5.1\bcel-5.1.jar;C:\Users\thanh\.m2\repository\regexp\regexp\1.2\regexp-1.2.jar;C:\Users\thanh\.m2\repository\jakarta-regexp\jakarta-regexp\1.4\jakarta-regexp-1.4.jar;C:\Users\thanh\.m2\repository\ant\ant\1.6.5\ant-1.6.5.jar;C:\Users\thanh\.m2\repository\nekohtml\nekohtml\0.9.5\nekohtml-0.9.5.jar;C:\Users\thanh\.m2\repository\xerces\xercesImpl\2.4.0\xercesImpl-2.4.0.jar;"/>
    <property name="java.vm.vendor" value="Oracle Corporation"/>
    <property name="sun.arch.data.model" value="64"/>
    <property name="user.variant" value=""/>
    <property name="java.vendor.url" value="https://java.oracle.com/"/>
    <property name="user.timezone" value="Asia/Saigon"/>
    <property name="os.name" value="Windows 10"/>
    <property name="java.vm.specification.version" value="17"/>
    <property name="user.country" value="US"/>
    <property name="sun.java.launcher" value="SUN_STANDARD"/>
    <property name="sun.boot.library.path" value="C:\Program Files\Java\jdk-17.0.2\bin"/>
    <property name="sun.java.command" value="C:\Users\thanh\AppData\Local\Temp\surefire202919449804776489\surefirebooter12058424028471600637.jar C:\Users\thanh\AppData\Local\Temp\surefire202919449804776489 2022-04-23T10-39-26_202-jvmRun1 surefire10646157284625246503tmp surefire_02424485108748518199tmp"/>
    <property name="jdk.debug" value="release"/>
    <property name="test" value="com.edusys.DAO.ThongKeDAOTest"/>
    <property name="surefire.test.class.path" value="C:\Users\thanh\Documents\NetBeansProjects\testProJect\target\test-classes;C:\Users\thanh\Documents\NetBeansProjects\testProJect\target\classes;C:\Users\thanh\.m2\repository\com\microsoft\sqlserver\mssql-jdbc\8.2.2.jre13\mssql-jdbc-8.2.2.jre13.jar;C:\Users\thanh\.m2\repository\com\toedter\jcalendar\1.2.2\jcalendar-1.2.2.jar;C:\Users\thanh\.m2\repository\org\junit\jupiter\junit-jupiter-api\5.6.0\junit-jupiter-api-5.6.0.jar;C:\Users\thanh\.m2\repository\org\apiguardian\apiguardian-api\1.1.0\apiguardian-api-1.1.0.jar;C:\Users\thanh\.m2\repository\org\opentest4j\opentest4j\1.2.0\opentest4j-1.2.0.jar;C:\Users\thanh\.m2\repository\org\junit\platform\junit-platform-commons\1.6.0\junit-platform-commons-1.6.0.jar;C:\Users\thanh\.m2\repository\org\junit\jupiter\junit-jupiter-params\5.6.0\junit-jupiter-params-5.6.0.jar;C:\Users\thanh\.m2\repository\org\junit\jupiter\junit-jupiter-engine\5.6.0\junit-jupiter-engine-5.6.0.jar;C:\Users\thanh\.m2\repository\org\junit\platform\junit-platform-engine\1.6.0\junit-platform-engine-1.6.0.jar;C:\Users\thanh\.m2\repository\junit\junit\4.13.2\junit-4.13.2.jar;C:\Users\thanh\.m2\repository\org\hamcrest\hamcrest-core\1.3\hamcrest-core-1.3.jar;C:\Users\thanh\.m2\repository\org\powermock\powermock-module-junit4\2.0.9\powermock-module-junit4-2.0.9.jar;C:\Users\thanh\.m2\repository\org\powermock\powermock-module-junit4-common\2.0.9\powermock-module-junit4-common-2.0.9.jar;C:\Users\thanh\.m2\repository\org\powermock\powermock-api-mockito2\2.0.9\powermock-api-mockito2-2.0.9.jar;C:\Users\thanh\.m2\repository\org\mockito\mockito-core\3.3.3\mockito-core-3.3.3.jar;C:\Users\thanh\.m2\repository\org\powermock\powermock-core\2.0.9\powermock-core-2.0.9.jar;C:\Users\thanh\.m2\repository\org\javassist\javassist\3.27.0-GA\javassist-3.27.0-GA.jar;C:\Users\thanh\.m2\repository\net\bytebuddy\byte-buddy\1.10.14\byte-buddy-1.10.14.jar;C:\Users\thanh\.m2\repository\net\bytebuddy\byte-buddy-agent\1.10.14\byte-buddy-agent-1.10.14.jar;C:\Users\thanh\.m2\repository\org\powermock\powermock-reflect\2.0.9\powermock-reflect-2.0.9.jar;C:\Users\thanh\.m2\repository\org\objenesis\objenesis\3.0.1\objenesis-3.0.1.jar;C:\Users\thanh\.m2\repository\org\powermock\powermock-api-support\2.0.9\powermock-api-support-2.0.9.jar;C:\Users\thanh\.m2\repository\com\mockrunner\mockrunner-jdbc\2.0.6\mockrunner-jdbc-2.0.6.jar;C:\Users\thanh\.m2\repository\commons-logging\commons-logging\1.0.4\commons-logging-1.0.4.jar;C:\Users\thanh\.m2\repository\com\mockrunner\mockrunner-core\2.0.6\mockrunner-core-2.0.6.jar;C:\Users\thanh\.m2\repository\jdom\jdom\1.0\jdom-1.0.jar;C:\Users\thanh\.m2\repository\oro\oro\2.0.8\oro-2.0.8.jar;C:\Users\thanh\.m2\repository\com\kirkk\jaranalyzer\1.2\jaranalyzer-1.2.jar;C:\Users\thanh\.m2\repository\bcel\bcel\5.1\bcel-5.1.jar;C:\Users\thanh\.m2\repository\regexp\regexp\1.2\regexp-1.2.jar;C:\Users\thanh\.m2\repository\jakarta-regexp\jakarta-regexp\1.4\jakarta-regexp-1.4.jar;C:\Users\thanh\.m2\repository\ant\ant\1.6.5\ant-1.6.5.jar;C:\Users\thanh\.m2\repository\nekohtml\nekohtml\0.9.5\nekohtml-0.9.5.jar;C:\Users\thanh\.m2\repository\xerces\xercesImpl\2.4.0\xercesImpl-2.4.0.jar;"/>
    <property name="sun.cpu.endian" value="little"/>
    <property name="user.home" value="C:\Users\thanh"/>
    <property name="user.language" value="en"/>
    <property name="java.specification.vendor" value="Oracle Corporation"/>
    <property name="java.version.date" value="2022-01-18"/>
    <property name="java.home" value="C:\Program Files\Java\jdk-17.0.2"/>
    <property name="file.separator" value="\"/>
    <property name="basedir" value="C:\Users\thanh\Documents\NetBeansProjects\testProJect"/>
    <property name="java.vm.compressedOopsMode" value="32-bit"/>
    <property name="line.separator" value="&#10;"/>
    <property name="java.vm.specification.vendor" value="Oracle Corporation"/>
    <property name="java.specification.name" value="Java Platform API Specification"/>
    <property name="surefire.real.class.path" value="C:\Users\thanh\AppData\Local\Temp\surefire202919449804776489\surefirebooter12058424028471600637.jar"/>
    <property name="user.script" value=""/>
    <property name="sun.management.compiler" value="HotSpot 64-Bit Tiered Compilers"/>
    <property name="java.runtime.version" value="17.0.2+8-LTS-86"/>
    <property name="user.name" value="thanh"/>
    <property name="path.separator" value=";"/>
    <property name="os.version" value="10.0"/>
    <property name="java.runtime.name" value="Java(TM) SE Runtime Environment"/>
    <property name="file.encoding" value="UTF-8"/>
    <property name="java.vm.name" value="Java HotSpot(TM) 64-Bit Server VM"/>
    <property name="maven.ext.class.path" value="C:\Program Files\NetBeans-13\netbeans\java\maven-nblib\netbeans-eventspy.jar"/>
    <property name="localRepository" value="C:\Users\thanh\.m2\repository"/>
    <property name="java.vendor.url.bug" value="https://bugreport.java.com/bugreport/"/>
    <property name="java.io.tmpdir" value="C:\Users\thanh\AppData\Local\Temp\"/>
    <property name="java.version" value="17.0.2"/>
    <property name="user.dir" value="C:\Users\thanh\Documents\NetBeansProjects\testProJect"/>
    <property name="os.arch" value="amd64"/>
    <property name="java.vm.specification.name" value="Java Virtual Machine Specification"/>
    <property name="sun.os.patch.level" value=""/>
    <property name="native.encoding" value="Cp1252"/>
    <property name="java.library.path" value="C:\Program Files\Java\jdk-17.0.2\bin;C:\Windows\Sun\Java\bin;C:\Windows\system32;C:\Windows;C:\Program Files\Common Files\Oracle\Java\javapath;C:\Program Files (x86)\Common Files\Oracle\Java\javapath;C:\Windows\system32;C:\Windows;C:\Windows\System32\Wbem;C:\Windows\System32\WindowsPowerShell\v1.0\;C:\Windows\System32\OpenSSH\;C:\Program Files (x86)\NVIDIA Corporation\PhysX\Common;C:\Program Files\Microsoft SQL Server\Client SDK\ODBC\170\Tools\Binn\;C:\Program Files (x86)\Microsoft SQL Server\150\Tools\Binn\;C:\Program Files\Microsoft SQL Server\150\Tools\Binn\;C:\Program Files\Microsoft SQL Server\150\DTS\Binn\;C:\Program Files (x86)\Microsoft SQL Server\150\DTS\Binn\;C:\Program Files\Azure Data Studio\bin;C:\Program Files\NVIDIA Corporation\NVIDIA NvDLISR;C:\Users\thanh\AppData\Local\Microsoft\WindowsApps;;C:\Users\thanh\AppData\Local\Programs\Microsoft VS Code\bin;C:\Program Files\Azure Data Studio\bin;."/>
    <property name="java.vm.info" value="mixed mode, sharing"/>
    <property name="java.vendor" value="Oracle Corporation"/>
    <property name="java.vm.version" value="17.0.2+8-LTS-86"/>
    <property name="sun.io.unicode.encoding" value="UnicodeLittle"/>
    <property name="java.class.version" value="61.0"/>
  </properties>
  <testcase name="testGetBangDiem" classname="com.edusys.DAO.ThongKeDAOTest" time="2.213">
    <system-out><![CDATA[Test BangDiem
]]></system-out>
  </testcase>
  <testcase name="testGetDoanhThu" classname="com.edusys.DAO.ThongKeDAOTest" time="0.002">
    <system-out><![CDATA[Test DoanhThu
]]></system-out>
  </testcase>
  <testcase name="testGetNangXuat" classname="com.edusys.DAO.ThongKeDAOTest" time="0.006">
    <system-out><![CDATA[Test NangXuat
]]></system-out>
  </testcase>
  <testcase name="testGetDiemChuyenDe" classname="com.edusys.DAO.ThongKeDAOTest" time="0.003">
    <system-out><![CDATA[Test DiemChuyenDe
]]></system-out>
  </testcase>
  <testcase name="testGetLuongNguoiHoc" classname="com.edusys.DAO.ThongKeDAOTest" time="0.006">
    <system-out><![CDATA[Test LuongNguoiHoc
]]></system-out>
  </testcase>
</testsuite>